<?xml version="1.0" encoding="UTF-8"?>
<testsuite name="test.pivotal.pal.tracker.accounts.AccountControllerTest" tests="1" skipped="0" failures="0" errors="0" timestamp="2019-06-03T13:59:14" hostname="PRFT-13864" time="0.069">
  <properties/>
  <testcase name="testList" classname="test.pivotal.pal.tracker.accounts.AccountControllerTest" time="0.069"/>
  <system-out><![CDATA[]]></system-out>
  <system-err><![CDATA[]]></system-err>
</testsuite>
