<?xml version="1.0" encoding="UTF-8"?>
<testsuite name="test.pivotal.pal.tracker.FlowTest" tests="1" skipped="0" failures="0" errors="0" timestamp="2019-06-03T13:58:19" hostname="PRFT-13864" time="27.176">
  <properties/>
  <testcase name="testBasicFlow" classname="test.pivotal.pal.tracker.FlowTest" time="27.176"/>
  <system-out><![CDATA[Waiting on port 8881............ server is up.
Waiting on port 8882... server is up.
Waiting on port 8883... server is up.
Waiting on port 8884... server is up.
]]></system-out>
  <system-err><![CDATA[SLF4J: Failed to load class "org.slf4j.impl.StaticLoggerBinder".
SLF4J: Defaulting to no-operation (NOP) logger implementation
SLF4J: See http://www.slf4j.org/codes.html#StaticLoggerBinder for further details.
]]></system-err>
</testsuite>
