<?xml version="1.0" encoding="UTF-8"?>
<testsuite name="test.pivotal.pal.tracker.projects.ProjectControllerTest" tests="4" skipped="0" failures="0" errors="0" timestamp="2019-06-03T13:59:20" hostname="PRFT-13864" time="0.124">
  <properties/>
  <testcase name="testGet_WithNull" classname="test.pivotal.pal.tracker.projects.ProjectControllerTest" time="0.061"/>
  <testcase name="testGet" classname="test.pivotal.pal.tracker.projects.ProjectControllerTest" time="0.006"/>
  <testcase name="testList" classname="test.pivotal.pal.tracker.projects.ProjectControllerTest" time="0.02"/>
  <testcase name="testCreate" classname="test.pivotal.pal.tracker.projects.ProjectControllerTest" time="0.035"/>
  <system-out><![CDATA[]]></system-out>
  <system-err><![CDATA[]]></system-err>
</testsuite>
