<?xml version="1.0" encoding="UTF-8"?>
<testsuite name="test.pivotal.pal.tracker.timesheets.TimeEntryDataGatewayTest" tests="2" skipped="0" failures="0" errors="0" timestamp="2019-06-03T13:59:23" hostname="PRFT-13864" time="0.255">
  <properties/>
  <testcase name="testFindAllByUserId" classname="test.pivotal.pal.tracker.timesheets.TimeEntryDataGatewayTest" time="0.218"/>
  <testcase name="testCreate" classname="test.pivotal.pal.tracker.timesheets.TimeEntryDataGatewayTest" time="0.037"/>
  <system-out><![CDATA[]]></system-out>
  <system-err><![CDATA[SLF4J: Failed to load class "org.slf4j.impl.StaticLoggerBinder".
SLF4J: Defaulting to no-operation (NOP) logger implementation
SLF4J: See http://www.slf4j.org/codes.html#StaticLoggerBinder for further details.
]]></system-err>
</testsuite>
