<?xml version="1.0" encoding="UTF-8"?>
<testsuite name="test.pivotal.pal.tracker.registration.RegistrationAppTest" tests="1" skipped="0" failures="0" errors="0" timestamp="2019-06-03T13:59:01" hostname="PRFT-13864" time="4.816">
  <properties/>
  <testcase name="embedded" classname="test.pivotal.pal.tracker.registration.RegistrationAppTest" time="4.816"/>
  <system-out><![CDATA[
  .   ____          _            __ _ _
 /\\ / ___'_ __ _ _(_)_ __  __ _ \ \ \ \
( ( )\___ | '_ | '_| | '_ \/ _` | \ \ \ \
 \\/  ___)| |_)| | | | | || (_| |  ) ) ) )
  '  |____| .__|_| |_|_| |_\__, | / / / /
 =========|_|==============|___/=/_/_/_/
 :: Spring Boot ::        (v2.0.6.RELEASE)

2019-06-03 13:59:02.507  INFO 4384 --- [    Test worker] io.pivotal.pal.tracker.registration.App  : Starting App on PRFT-13864 with PID 4384 (started by manan.bhagat in C:\WorkSpace\pal-tracker-distributed\applications\registration-server)
2019-06-03 13:59:02.511  INFO 4384 --- [    Test worker] io.pivotal.pal.tracker.registration.App  : No active profile set, falling back to default profiles: default
2019-06-03 13:59:02.564  INFO 4384 --- [    Test worker] ConfigServletWebServerApplicationContext : Refreshing org.springframework.boot.web.servlet.context.AnnotationConfigServletWebServerApplicationContext@5a8d63e5: startup date [Mon Jun 03 13:59:02 UTC 2019]; root of context hierarchy
2019-06-03 13:59:04.381  INFO 4384 --- [    Test worker] o.s.b.w.embedded.tomcat.TomcatWebServer  : Tomcat initialized with port(s): 8181 (http)
2019-06-03 13:59:04.432  INFO 4384 --- [    Test worker] o.apache.catalina.core.StandardService   : Starting service [Tomcat]
2019-06-03 13:59:04.433  INFO 4384 --- [    Test worker] org.apache.catalina.core.StandardEngine  : Starting Servlet Engine: Apache Tomcat/8.5.34
2019-06-03 13:59:04.452  INFO 4384 --- [ost-startStop-1] o.a.catalina.core.AprLifecycleListener   : The APR based Apache Tomcat Native library which allows optimal performance in production environments was not found on the java.library.path: [C:\Program Files\Java\jdk1.8.0_211\bin;C:\WINDOWS\Sun\Java\bin;C:\WINDOWS\system32;C:\WINDOWS;C:\Program Files (x86)\Common Files\Oracle\Java\javapath;C:\WINDOWS\system32;C:\WINDOWS;C:\WINDOWS\System32\Wbem;C:\WINDOWS\System32\WindowsPowerShell\v1.0\;C:\WINDOWS\System32\OpenSSH\;C:\Program Files\Intel\WiFi\bin\;C:\Program Files\Common Files\Intel\WirelessCommon\;C:\ProgramData\chocolatey\bin;C:\Program Files\Git\cmd;C:\Program Files\Cloud Foundry;C:\Program Files\Java\jdk1.8.0_211\bin;C:\Program Files\Java\jre1.8.0_211\bin;C:\Gradle\bin;C:\Program Files\MySQL\MySQL Server 5.7\bin;C:\Program Files\MySQL\MySQL Shell 8.0\bin\;.]
2019-06-03 13:59:04.614  INFO 4384 --- [ost-startStop-1] o.a.c.c.C.[Tomcat].[localhost].[/]       : Initializing Spring embedded WebApplicationContext
2019-06-03 13:59:04.614  INFO 4384 --- [ost-startStop-1] o.s.web.context.ContextLoader            : Root WebApplicationContext: initialization completed in 2053 ms
2019-06-03 13:59:04.713  INFO 4384 --- [ost-startStop-1] o.s.b.w.servlet.ServletRegistrationBean  : Servlet dispatcherServlet mapped to [/]
2019-06-03 13:59:04.718  INFO 4384 --- [ost-startStop-1] o.s.b.w.servlet.FilterRegistrationBean   : Mapping filter: 'characterEncodingFilter' to: [/*]
2019-06-03 13:59:04.719  INFO 4384 --- [ost-startStop-1] o.s.b.w.servlet.FilterRegistrationBean   : Mapping filter: 'hiddenHttpMethodFilter' to: [/*]
2019-06-03 13:59:04.719  INFO 4384 --- [ost-startStop-1] o.s.b.w.servlet.FilterRegistrationBean   : Mapping filter: 'httpPutFormContentFilter' to: [/*]
2019-06-03 13:59:04.719  INFO 4384 --- [ost-startStop-1] o.s.b.w.servlet.FilterRegistrationBean   : Mapping filter: 'requestContextFilter' to: [/*]
2019-06-03 13:59:05.197  INFO 4384 --- [    Test worker] o.s.w.s.handler.SimpleUrlHandlerMapping  : Mapped URL path [/**/favicon.ico] onto handler of type [class org.springframework.web.servlet.resource.ResourceHttpRequestHandler]
2019-06-03 13:59:05.351  INFO 4384 --- [    Test worker] s.w.s.m.m.a.RequestMappingHandlerAdapter : Looking for @ControllerAdvice: org.springframework.boot.web.servlet.context.AnnotationConfigServletWebServerApplicationContext@5a8d63e5: startup date [Mon Jun 03 13:59:02 UTC 2019]; root of context hierarchy
2019-06-03 13:59:05.457  INFO 4384 --- [    Test worker] s.w.s.m.m.a.RequestMappingHandlerMapping : Mapped "{[/accounts],methods=[GET]}" onto public java.util.List<io.pivotal.pal.tracker.accounts.AccountInfo> io.pivotal.pal.tracker.accounts.AccountController.list(long)
2019-06-03 13:59:05.462  INFO 4384 --- [    Test worker] s.w.s.m.m.a.RequestMappingHandlerMapping : Mapped "{[/registration],methods=[POST]}" onto public io.pivotal.pal.tracker.users.UserInfo io.pivotal.pal.tracker.accounts.RegistrationController.create(io.pivotal.pal.tracker.accounts.RegistrationForm)
2019-06-03 13:59:05.463  INFO 4384 --- [    Test worker] s.w.s.m.m.a.RequestMappingHandlerMapping : Mapped "{[/],methods=[GET]}" onto public java.lang.String io.pivotal.pal.tracker.restsupport.SpringDefaultController.defaultRoute()
2019-06-03 13:59:05.465  INFO 4384 --- [    Test worker] s.w.s.m.m.a.RequestMappingHandlerMapping : Mapped "{[/projects/{projectId}],methods=[GET]}" onto public io.pivotal.pal.tracker.projects.ProjectInfo io.pivotal.pal.tracker.projects.ProjectController.get(long)
2019-06-03 13:59:05.466  INFO 4384 --- [    Test worker] s.w.s.m.m.a.RequestMappingHandlerMapping : Mapped "{[/projects],methods=[POST]}" onto public org.springframework.http.ResponseEntity<io.pivotal.pal.tracker.projects.ProjectInfo> io.pivotal.pal.tracker.projects.ProjectController.create(io.pivotal.pal.tracker.projects.ProjectForm)
2019-06-03 13:59:05.467  INFO 4384 --- [    Test worker] s.w.s.m.m.a.RequestMappingHandlerMapping : Mapped "{[/projects],methods=[GET]}" onto public java.util.List<io.pivotal.pal.tracker.projects.ProjectInfo> io.pivotal.pal.tracker.projects.ProjectController.list(long)
2019-06-03 13:59:05.468  INFO 4384 --- [    Test worker] s.w.s.m.m.a.RequestMappingHandlerMapping : Mapped "{[/users/{userId}],methods=[GET]}" onto public io.pivotal.pal.tracker.users.UserInfo io.pivotal.pal.tracker.users.UserController.show(long)
2019-06-03 13:59:05.472  INFO 4384 --- [    Test worker] s.w.s.m.m.a.RequestMappingHandlerMapping : Mapped "{[/error]}" onto public org.springframework.http.ResponseEntity<java.util.Map<java.lang.String, java.lang.Object>> org.springframework.boot.autoconfigure.web.servlet.error.BasicErrorController.error(javax.servlet.http.HttpServletRequest)
2019-06-03 13:59:05.473  INFO 4384 --- [    Test worker] s.w.s.m.m.a.RequestMappingHandlerMapping : Mapped "{[/error],produces=[text/html]}" onto public org.springframework.web.servlet.ModelAndView org.springframework.boot.autoconfigure.web.servlet.error.BasicErrorController.errorHtml(javax.servlet.http.HttpServletRequest,javax.servlet.http.HttpServletResponse)
2019-06-03 13:59:05.519  INFO 4384 --- [    Test worker] o.s.w.s.handler.SimpleUrlHandlerMapping  : Mapped URL path [/webjars/**] onto handler of type [class org.springframework.web.servlet.resource.ResourceHttpRequestHandler]
2019-06-03 13:59:05.519  INFO 4384 --- [    Test worker] o.s.w.s.handler.SimpleUrlHandlerMapping  : Mapped URL path [/**] onto handler of type [class org.springframework.web.servlet.resource.ResourceHttpRequestHandler]
2019-06-03 13:59:05.939  INFO 4384 --- [    Test worker] o.s.j.e.a.AnnotationMBeanExporter        : Registering beans for JMX exposure on startup
2019-06-03 13:59:05.941  INFO 4384 --- [    Test worker] o.s.j.e.a.AnnotationMBeanExporter        : Bean with name 'dataSource' has been autodetected for JMX exposure
2019-06-03 13:59:05.949  INFO 4384 --- [    Test worker] o.s.j.e.a.AnnotationMBeanExporter        : Located MBean 'dataSource': registering with JMX server as MBean [com.zaxxer.hikari:name=dataSource,type=HikariDataSource]
2019-06-03 13:59:05.990  INFO 4384 --- [    Test worker] o.s.b.w.embedded.tomcat.TomcatWebServer  : Tomcat started on port(s): 8181 (http) with context path ''
2019-06-03 13:59:05.996  INFO 4384 --- [    Test worker] io.pivotal.pal.tracker.registration.App  : Started App in 3.837 seconds (JVM running for 4.605)
2019-06-03 13:59:06.144  INFO 4384 --- [nio-8181-exec-1] o.a.c.c.C.[Tomcat].[localhost].[/]       : Initializing Spring FrameworkServlet 'dispatcherServlet'
2019-06-03 13:59:06.145  INFO 4384 --- [nio-8181-exec-1] o.s.web.servlet.DispatcherServlet        : FrameworkServlet 'dispatcherServlet': initialization started
2019-06-03 13:59:06.175  INFO 4384 --- [nio-8181-exec-1] o.s.web.servlet.DispatcherServlet        : FrameworkServlet 'dispatcherServlet': initialization completed in 30 ms
2019-06-03 13:59:06.243  INFO 4384 --- [nio-8181-exec-1] com.zaxxer.hikari.HikariDataSource       : HikariPool-1 - Starting...
2019-06-03 13:59:06.248  WARN 4384 --- [nio-8181-exec-1] com.zaxxer.hikari.util.DriverDataSource  : Registered driver with driverClassName=com.mysql.jdbc.Driver was not found, trying direct instantiation.
2019-06-03 13:59:06.471  INFO 4384 --- [nio-8181-exec-1] com.zaxxer.hikari.HikariDataSource       : HikariPool-1 - Start completed.
]]></system-out>
  <system-err><![CDATA[Loading class `com.mysql.jdbc.Driver'. This is deprecated. The new driver class is `com.mysql.cj.jdbc.Driver'. The driver is automatically registered via the SPI and manual loading of the driver class is generally unnecessary.
]]></system-err>
</testsuite>
